Determining if the pthread_create exist failed with the following output:
Change Dir: /home/alistairfink/temp/temp2/WALL-ED/tele_operate/build/CMakeFiles/CMakeTmp

Run Build Command:"/usr/bin/make" "cmTC_27910/fast"
/usr/bin/make -f CMakeFiles/cmTC_27910.dir/build.make CMakeFiles/cmTC_27910.dir/build
make[1]: Entering directory '/home/alistairfink/temp/temp2/WALL-ED/tele_operate/build/CMakeFiles/CMakeTmp'
Building C object CMakeFiles/cmTC_27910.dir/CheckSymbolExists.c.o
/usr/bin/cc     -o CMakeFiles/cmTC_27910.dir/CheckSymbolExists.c.o   -c /home/alistairfink/temp/temp2/WALL-ED/tele_operate/build/CMakeFiles/CMakeTmp/CheckSymbolExists.c
Linking C executable cmTC_27910
/usr/bin/cmake -E cmake_link_script CMakeFiles/cmTC_27910.dir/link.txt --verbose=1
/usr/bin/cc       CMakeFiles/cmTC_27910.dir/CheckSymbolExists.c.o  -o cmTC_27910 -rdynamic 
CMakeFiles/cmTC_27910.dir/CheckSymbolExists.c.o: In function `main':
CheckSymbolExists.c:(.text+0x16): undefined reference to `pthread_create'
collect2: error: ld returned 1 exit status
CMakeFiles/cmTC_27910.dir/build.make:97: recipe for target 'cmTC_27910' failed
make[1]: *** [cmTC_27910] Error 1
make[1]: Leaving directory '/home/alistairfink/temp/temp2/WALL-ED/tele_operate/build/CMakeFiles/CMakeTmp'
Makefile:126: recipe for target 'cmTC_27910/fast' failed
make: *** [cmTC_27910/fast] Error 2

File /home/alistairfink/temp/temp2/WALL-ED/tele_operate/build/CMakeFiles/CMakeTmp/CheckSymbolExists.c:
/* */
#include <pthread.h>

int main(int argc, char** argv)
{
  (void)argv;
#ifndef pthread_create
  return ((int*)(&pthread_create))[argc];
#else
  (void)argc;
  return 0;
#endif
}

Determining if the function pthread_create exists in the pthreads failed with the following output:
Change Dir: /home/alistairfink/temp/temp2/WALL-ED/tele_operate/build/CMakeFiles/CMakeTmp

Run Build Command:"/usr/bin/make" "cmTC_cf32e/fast"
/usr/bin/make -f CMakeFiles/cmTC_cf32e.dir/build.make CMakeFiles/cmTC_cf32e.dir/build
make[1]: Entering directory '/home/alistairfink/temp/temp2/WALL-ED/tele_operate/build/CMakeFiles/CMakeTmp'
Building C object CMakeFiles/cmTC_cf32e.dir/CheckFunctionExists.c.o
/usr/bin/cc    -DCHECK_FUNCTION_EXISTS=pthread_create   -o CMakeFiles/cmTC_cf32e.dir/CheckFunctionExists.c.o   -c /usr/share/cmake-3.5/Modules/CheckFunctionExists.c
Linking C executable cmTC_cf32e
/usr/bin/cmake -E cmake_link_script CMakeFiles/cmTC_cf32e.dir/link.txt --verbose=1
/usr/bin/cc   -DCHECK_FUNCTION_EXISTS=pthread_create    CMakeFiles/cmTC_cf32e.dir/CheckFunctionExists.c.o  -o cmTC_cf32e -rdynamic -lpthreads 
/usr/bin/ld: cannot find -lpthreads
collect2: error: ld returned 1 exit status
CMakeFiles/cmTC_cf32e.dir/build.make:97: recipe for target 'cmTC_cf32e' failed
make[1]: *** [cmTC_cf32e] Error 1
make[1]: Leaving directory '/home/alistairfink/temp/temp2/WALL-ED/tele_operate/build/CMakeFiles/CMakeTmp'
Makefile:126: recipe for target 'cmTC_cf32e/fast' failed
make: *** [cmTC_cf32e/fast] Error 2


